<?xml version="1.0" encoding="UTF-8"?>
<!-- Generated by org.testng.reporters.JUnitReportReporter -->
<testsuite ignored="0" hostname="DBHLT0035" failures="0" tests="1" name="com.browserstack.single.CreateRFQ" time="194.265" errors="0" timestamp="05 Sep 2023 15:21:26 GMT" skipped="0">
  <testcase classname="com.browserstack.single.CreateRFQ" name="createRFQTest" time="194.265"/>
</testsuite> <!-- com.browserstack.single.CreateRFQ -->
